2025-11-10 23:14:28, MOVE, v:1, k:poo@budega, mode:DOWN
2025-11-10 23:14:30, MOVE, v:1, k:poo@budega, mode:PICK
2025-11-10 23:14:32, EXEC, v:1, k:poo@budega, mode:FULL, rate:0, size:0
2025-11-10 23:14:33, EXEC, v:1, k:poo@budega, mode:FULL, rate:0
2025-11-10 23:14:33, EXEC, v:1, k:poo@budega, mode:FULL, rate:0
2025-11-10 23:14:33, EXEC, v:1, k:poo@budega, mode:FULL, rate:0
2025-11-10 23:14:33, EXEC, v:1, k:poo@budega, mode:FULL, rate:0
2025-11-10 23:14:34, EXEC, v:1, k:poo@budega, mode:FULL, rate:0
2025-11-10 23:14:34, EXEC, v:1, k:poo@budega, mode:FULL, rate:0
2025-11-10 23:14:34, EXEC, v:1, k:poo@budega, mode:FULL, rate:0
2025-11-10 23:14:34, EXEC, v:1, k:poo@budega, mode:FULL, rate:0
2025-11-10 23:14:35, EXEC, v:1, k:poo@budega, mode:FULL, rate:0
2025-11-10 23:14:35, EXEC, v:1, k:poo@budega, mode:FULL, rate:0
2025-11-10 23:14:35, EXEC, v:1, k:poo@budega, mode:FULL, rate:0
2025-11-10 23:14:35, EXEC, v:1, k:poo@budega, mode:FULL, rate:0
2025-11-10 23:14:36, EXEC, v:1, k:poo@budega, mode:FULL, rate:0
2025-11-10 23:14:36, EXEC, v:1, k:poo@budega, mode:FULL, rate:0
2025-11-10 23:14:36, EXEC, v:1, k:poo@budega, mode:FULL, rate:0
2025-11-10 23:14:36, EXEC, v:1, k:poo@budega, mode:FULL, rate:0
2025-11-10 23:14:37, EXEC, v:1, k:poo@budega, mode:FULL, rate:0
2025-11-10 23:14:37, EXEC, v:1, k:poo@budega, mode:FULL, rate:0
2025-11-10 23:14:37, EXEC, v:1, k:poo@budega, mode:FULL, rate:0
2025-11-10 23:14:37, EXEC, v:1, k:poo@budega, mode:FULL, rate:0
2025-11-10 23:14:37, EXEC, v:1, k:poo@budega, mode:FULL, rate:0
2025-11-10 23:14:38, EXEC, v:1, k:poo@budega, mode:FULL, rate:0
2025-11-10 23:14:38, EXEC, v:1, k:poo@budega, mode:FULL, rate:0
2025-11-10 23:14:38, EXEC, v:1, k:poo@budega, mode:FULL, rate:0
2025-11-10 23:14:39, EXEC, v:1, k:poo@budega, mode:FULL, rate:0
2025-11-10 23:14:40, EXEC, v:1, k:poo@budega, mode:FULL, rate:0
2025-11-10 23:14:40, EXEC, v:1, k:poo@budega, mode:FULL, rate:0
2025-11-10 23:14:40, EXEC, v:1, k:poo@budega, mode:FULL, rate:0
2025-11-10 23:14:40, EXEC, v:1, k:poo@budega, mode:FULL, rate:0
2025-11-10 23:14:40, EXEC, v:1, k:poo@budega, mode:FULL, rate:0
2025-11-10 23:14:41, EXEC, v:1, k:poo@budega, mode:FULL, rate:0
2025-11-10 23:14:41, EXEC, v:1, k:poo@budega, mode:FULL, rate:0
2025-11-10 23:14:43, EXEC, v:1, k:poo@budega, mode:FULL, rate:0
2025-11-10 23:14:43, EXEC, v:1, k:poo@budega, mode:FULL, rate:0
2025-11-10 23:14:43, EXEC, v:1, k:poo@budega, mode:FULL, rate:0
2025-11-10 23:14:43, EXEC, v:1, k:poo@budega, mode:FULL, rate:0
2025-11-10 23:14:44, EXEC, v:1, k:poo@budega, mode:FULL, rate:0
2025-11-10 23:14:44, EXEC, v:1, k:poo@budega, mode:FULL, rate:0
2025-11-10 23:14:44, EXEC, v:1, k:poo@budega, mode:FULL, rate:0
2025-11-10 23:14:44, EXEC, v:1, k:poo@budega, mode:FULL, rate:0
2025-11-10 23:14:45, EXEC, v:1, k:poo@budega, mode:FULL, rate:0
2025-11-10 23:14:45, EXEC, v:1, k:poo@budega, mode:FULL, rate:0
2025-11-10 23:14:45, EXEC, v:1, k:poo@budega, mode:FULL, rate:0
2025-11-10 23:14:46, EXEC, v:1, k:poo@budega, mode:FULL, rate:0
2025-11-10 23:14:46, EXEC, v:1, k:poo@budega, mode:FULL, rate:0
2025-11-10 23:14:46, EXEC, v:1, k:poo@budega, mode:FULL, rate:0
2025-11-10 23:14:46, EXEC, v:1, k:poo@budega, mode:FULL, rate:0
2025-11-10 23:14:46, EXEC, v:1, k:poo@budega, mode:FULL, rate:0
2025-11-10 23:14:47, EXEC, v:1, k:poo@budega, mode:FULL, rate:0
2025-11-10 23:14:47, EXEC, v:1, k:poo@budega, mode:FULL, rate:0
2025-11-10 23:14:47, EXEC, v:1, k:poo@budega, mode:FULL, rate:0
2025-11-10 23:14:47, EXEC, v:1, k:poo@budega, mode:FULL, rate:0
2025-11-10 23:14:48, EXEC, v:1, k:poo@budega, mode:FULL, rate:0
2025-11-10 23:14:48, EXEC, v:1, k:poo@budega, mode:FULL, rate:0
2025-11-10 23:14:48, EXEC, v:1, k:poo@budega, mode:FULL, rate:0
2025-11-10 23:14:48, EXEC, v:1, k:poo@budega, mode:FULL, rate:0
2025-11-10 23:14:49, EXEC, v:1, k:poo@budega, mode:FULL, rate:0
2025-11-10 23:14:49, EXEC, v:1, k:poo@budega, mode:FULL, rate:0
2025-11-10 23:14:49, EXEC, v:1, k:poo@budega, mode:FULL, rate:0
2025-11-10 23:14:49, EXEC, v:1, k:poo@budega, mode:FULL, rate:0
2025-11-10 23:14:50, EXEC, v:1, k:poo@budega, mode:FULL, rate:0
2025-11-10 23:14:50, EXEC, v:1, k:poo@budega, mode:FULL, rate:0
2025-11-10 23:14:50, EXEC, v:1, k:poo@budega, mode:FULL, rate:0
2025-11-10 23:14:50, EXEC, v:1, k:poo@budega, mode:FULL, rate:0
2025-11-10 23:15:08, MOVE, v:1, k:poo@budega, mode:BACK
2025-11-10 23:15:35, SELF, v:1, k:poo@budega
2025-11-10 23:16:49, MOVE, v:1, k:poo@array, mode:PICK
2025-11-10 23:16:50, EXEC, v:1, k:poo@array, mode:LOCK, rate:0, size:27
2025-11-10 23:16:51, EXEC, v:1, k:poo@array, mode:LOCK, rate:0
2025-11-10 23:16:51, EXEC, v:1, k:poo@array, mode:LOCK, rate:0
2025-11-10 23:16:51, EXEC, v:1, k:poo@array, mode:LOCK, rate:0
2025-11-10 23:17:53, EXEC, v:1, k:poo@array, mode:LOCK, rate:0
2025-11-10 23:17:55, MOVE, v:1, k:poo@array, mode:BACK
2025-11-10 23:17:59, MOVE, v:1, k:poo@budega, mode:PICK
2025-11-10 23:18:00, EXEC, v:1, k:poo@budega, mode:FULL, rate:0, size:27
2025-11-10 23:18:03, EXEC, v:1, k:poo@budega, mode:FULL, rate:0
2025-11-10 23:18:05, EXEC, v:1, k:poo@budega, mode:FULL, rate:0
2025-11-10 23:18:06, EXEC, v:1, k:poo@budega, mode:FULL, rate:0
2025-11-10 23:18:06, EXEC, v:1, k:poo@budega, mode:FULL, rate:0
2025-11-10 23:18:06, EXEC, v:1, k:poo@budega, mode:FULL, rate:0
2025-11-10 23:18:06, EXEC, v:1, k:poo@budega, mode:FULL, rate:0
2025-11-10 23:18:06, EXEC, v:1, k:poo@budega, mode:FULL, rate:0
2025-11-10 23:18:08, MOVE, v:1, k:poo@budega, mode:BACK
2025-11-10 23:18:28, SELF, v:1, k:poo@budega
2025-11-10 23:19:34, MOVE, v:1, k:poo@budega, mode:PICK
2025-11-10 23:19:35, EXEC, v:1, k:poo@budega, mode:FULL, rate:0
2025-11-10 23:19:35, EXEC, v:1, k:poo@budega, mode:FULL, rate:0
2025-11-10 23:19:35, EXEC, v:1, k:poo@budega, mode:FULL, rate:0
2025-11-10 23:19:48, EXEC, v:1, k:poo@budega, mode:FULL, rate:0, size:28
2025-11-10 23:19:48, EXEC, v:1, k:poo@budega, mode:FULL, rate:0, size:28
2025-11-10 23:19:48, EXEC, v:1, k:poo@budega, mode:FULL, rate:0, size:28
2025-11-10 23:19:49, EXEC, v:1, k:poo@budega, mode:FULL, rate:0
2025-11-10 23:19:53, EXEC, v:1, k:poo@budega, mode:FULL, rate:0
2025-11-10 23:19:53, EXEC, v:1, k:poo@budega, mode:FULL, rate:0, size:29
2025-11-10 23:19:53, EXEC, v:1, k:poo@budega, mode:FULL, rate:0, size:29
2025-11-10 23:19:53, EXEC, v:1, k:poo@budega, mode:FULL, rate:0, size:29
2025-11-10 23:20:01, EXEC, v:1, k:poo@budega, mode:FULL, rate:0, size:29
2025-11-10 23:20:09, EXEC, v:1, k:poo@budega, mode:FULL, rate:0, size:24
2025-11-10 23:20:09, EXEC, v:1, k:poo@budega, mode:FULL, rate:0, size:24
2025-11-10 23:20:10, EXEC, v:1, k:poo@budega, mode:FULL, rate:0, size:24
2025-11-10 23:20:10, EXEC, v:1, k:poo@budega, mode:FULL, rate:0, size:24
2025-11-10 23:20:10, EXEC, v:1, k:poo@budega, mode:FULL, rate:0, size:24
2025-11-10 23:20:34, EXEC, v:1, k:poo@budega, mode:FULL, rate:0, size:42
2025-11-10 23:20:35, EXEC, v:1, k:poo@budega, mode:FULL, rate:0
2025-11-10 23:20:35, EXEC, v:1, k:poo@budega, mode:FULL, rate:0
2025-11-10 23:20:35, EXEC, v:1, k:poo@budega, mode:FULL, rate:0
2025-11-10 23:20:35, EXEC, v:1, k:poo@budega, mode:FULL, rate:0
2025-11-10 23:20:36, EXEC, v:1, k:poo@budega, mode:FULL, rate:0
2025-11-10 23:20:36, EXEC, v:1, k:poo@budega, mode:FULL, rate:0
2025-11-10 23:20:36, EXEC, v:1, k:poo@budega, mode:FULL, rate:0
2025-11-10 23:20:37, EXEC, v:1, k:poo@budega, mode:FULL, rate:0
2025-11-10 23:20:42, EXEC, v:1, k:poo@budega, mode:FULL, rate:0
2025-11-10 23:20:42, EXEC, v:1, k:poo@budega, mode:FULL, rate:0, size:42
2025-11-10 23:20:42, EXEC, v:1, k:poo@budega, mode:FULL, rate:0, size:42
2025-11-10 23:20:42, EXEC, v:1, k:poo@budega, mode:FULL, rate:0, size:42
2025-11-10 23:20:43, EXEC, v:1, k:poo@budega, mode:FULL, rate:0
2025-11-10 23:20:43, EXEC, v:1, k:poo@budega, mode:FULL, rate:0
2025-11-10 23:20:43, EXEC, v:1, k:poo@budega, mode:FULL, rate:0
2025-11-10 23:20:44, MOVE, v:1, k:poo@budega, mode:BACK
2025-11-10 23:21:14, MOVE, v:1, k:poo@budega, mode:PICK
2025-11-10 23:21:15, EXEC, v:1, k:poo@budega, mode:FULL, rate:0, size:25
2025-11-10 23:21:15, EXEC, v:1, k:poo@budega, mode:FULL, rate:0, size:25
2025-11-10 23:21:15, EXEC, v:1, k:poo@budega, mode:FULL, rate:0, size:25
2025-11-10 23:21:15, EXEC, v:1, k:poo@budega, mode:FULL, rate:0, size:25
2025-11-10 23:21:18, MOVE, v:1, k:poo@budega, mode:BACK
2025-11-10 23:21:21, MOVE, v:1, k:poo@array, mode:PICK
2025-11-10 23:21:23, EXEC, v:1, k:poo@array, mode:LOCK, rate:0
