2025-11-18 00:09:20, MOVE, v:1, k:poo@array, mode:PICK
2025-11-18 00:09:20, EXEC, v:1, k:poo@array, mode:LOCK, rate:0, size:71
2025-11-18 00:09:21, EXEC, v:1, k:poo@array, mode:LOCK, rate:0
2025-11-18 00:09:21, EXEC, v:1, k:poo@array, mode:LOCK, rate:0
2025-11-18 00:09:21, EXEC, v:1, k:poo@array, mode:LOCK, rate:0
2025-11-18 00:09:36, EXEC, v:1, k:poo@array, mode:LOCK, rate:0
2025-11-18 00:09:38, MOVE, v:1, k:poo@array, mode:BACK
2025-11-18 00:15:32, MOVE, v:1, k:poo@array, mode:PICK
2025-11-18 00:15:33, EXEC, v:1, k:poo@array, mode:LOCK, rate:0, size:70
2025-11-18 00:19:46, EXEC, v:1, k:poo@array, mode:LOCK, rate:0, size:78
2025-11-18 00:20:36, EXEC, v:1, k:poo@array, mode:LOCK, rate:0, size:78
2025-11-18 00:20:38, EXEC, v:1, k:poo@array, mode:LOCK, rate:0
2025-11-18 00:20:38, EXEC, v:1, k:poo@array, mode:LOCK, rate:0
2025-11-18 00:20:38, EXEC, v:1, k:poo@array, mode:LOCK, rate:0
2025-11-18 00:20:38, EXEC, v:1, k:poo@array, mode:LOCK, rate:0
2025-11-18 00:20:39, EXEC, v:1, k:poo@array, mode:LOCK, rate:0
2025-11-18 00:20:43, EXEC, v:1, k:poo@array, mode:LOCK, rate:0, size:78
2025-11-18 00:20:49, EXEC, v:1, k:poo@array, mode:LOCK, rate:0, size:78
2025-11-18 00:20:59, EXEC, v:1, k:poo@array, mode:LOCK, rate:0
2025-11-18 00:20:59, EXEC, v:1, k:poo@array, mode:LOCK, rate:0
2025-11-18 00:20:59, EXEC, v:1, k:poo@array, mode:LOCK, rate:0
2025-11-18 00:21:10, MOVE, v:1, k:poo@array, mode:BACK
2025-11-18 00:21:59, SELF, v:1, k:poo@array, rate:100, alone:10, study:160
2025-11-18 00:22:21, MOVE, v:1, k:poo@array, mode:PICK
2025-11-18 00:22:22, EXEC, v:1, k:poo@array, mode:LOCK, rate:0
2025-11-18 00:22:23, EXEC, v:1, k:poo@array, mode:LOCK, rate:0
2025-11-18 00:22:23, EXEC, v:1, k:poo@array, mode:LOCK, rate:0
2025-11-18 00:22:24, EXEC, v:1, k:poo@array, mode:LOCK, rate:0
2025-11-18 00:22:27, EXEC, v:1, k:poo@array, mode:FREE
2025-11-18 00:22:32, MOVE, v:1, k:poo@array, mode:BACK
2025-11-18 00:23:02, MOVE, v:1, k:poo@lapiseira, mode:PICK
2025-11-18 00:23:04, EXEC, v:1, k:poo@lapiseira, mode:FULL, rate:0
2025-11-18 00:23:05, EXEC, v:1, k:poo@lapiseira, mode:FULL, rate:0
2025-11-18 00:25:52, EXEC, v:1, k:poo@lapiseira, mode:FULL, rate:0
2025-11-18 00:25:54, MOVE, v:1, k:poo@lapiseira, mode:BACK
2025-11-18 00:25:58, MOVE, v:1, k:poo@cinema, mode:PICK
2025-11-18 00:26:00, EXEC, v:1, k:poo@cinema, mode:FULL, rate:0
2025-11-18 00:26:00, EXEC, v:1, k:poo@cinema, mode:FULL, rate:0
2025-11-18 00:30:29, EXEC, v:1, k:poo@cinema, mode:FULL, rate:0, size:7
2025-11-18 02:39:52, MOVE, v:1, k:poo@cinema, mode:PICK
2025-11-18 02:39:54, EXEC, v:1, k:poo@cinema, mode:FULL, rate:0, size:9
2025-11-18 02:39:55, EXEC, v:1, k:poo@cinema, mode:FULL, rate:0
2025-11-18 02:39:55, EXEC, v:1, k:poo@cinema, mode:FULL, rate:0
2025-11-18 02:39:59, MOVE, v:1, k:poo@cinema, mode:BACK
2025-11-18 02:42:23, MOVE, v:1, k:poo@lapiseira, mode:PICK
2025-11-18 02:42:38, EXEC, v:1, k:poo@lapiseira, mode:FULL, rate:0
2025-11-18 02:42:38, EXEC, v:1, k:poo@lapiseira, mode:FULL, rate:0
2025-11-18 02:42:38, EXEC, v:1, k:poo@lapiseira, mode:FULL, rate:0
2025-11-18 02:42:39, EXEC, v:1, k:poo@lapiseira, mode:FULL, rate:0
2025-11-18 02:42:44, MOVE, v:1, k:poo@lapiseira, mode:BACK
2025-11-18 02:42:47, MOVE, v:1, k:poo@lapiseira, mode:PICK
2025-11-18 02:42:50, EXEC, v:1, k:poo@lapiseira, mode:FULL, rate:0
2025-11-18 02:42:50, EXEC, v:1, k:poo@lapiseira, mode:FULL, rate:0
2025-11-18 02:42:50, EXEC, v:1, k:poo@lapiseira, mode:FULL, rate:0
2025-11-18 02:42:59, MOVE, v:1, k:poo@lapiseira, mode:BACK
2025-11-18 02:43:05, MOVE, v:1, k:poo@cinema, mode:PICK
2025-11-18 02:43:06, EXEC, v:1, k:poo@cinema, mode:FULL, rate:0, size:9
2025-11-18 02:43:07, EXEC, v:1, k:poo@cinema, mode:FULL, rate:0
2025-11-18 02:43:07, EXEC, v:1, k:poo@cinema, mode:FULL, rate:0
2025-11-18 02:43:21, EXEC, v:1, k:poo@cinema, mode:FULL, rate:0, size:10
2025-11-18 18:37:24, MOVE, v:1, k:poo@cinema, mode:PICK
2025-11-18 18:37:25, EXEC, v:1, k:poo@cinema, mode:FULL, rate:0, size:10
2025-11-18 18:37:25, EXEC, v:1, k:poo@cinema, mode:FULL, rate:0, size:10
2025-11-18 18:41:09, EXEC, v:1, k:poo@cinema, mode:FULL, rate:0, size:18
2025-11-18 18:41:10, EXEC, v:1, k:poo@cinema, mode:FULL, rate:0
2025-11-18 18:53:50, EXEC, v:1, k:poo@cinema, mode:FULL, rate:0, size:24
2025-11-18 18:53:51, EXEC, v:1, k:poo@cinema, mode:FULL, rate:0
2025-11-18 18:53:53, MOVE, v:1, k:poo@cinema, mode:BACK
2025-11-18 18:53:55, MOVE, v:1, k:poo@cinema, mode:PICK
2025-11-18 19:18:47, EXEC, v:1, k:poo@cinema, mode:FULL, rate:0, size:24
2025-11-18 19:18:47, EXEC, v:1, k:poo@cinema, mode:FULL, rate:0, size:24
2025-11-18 19:18:47, EXEC, v:1, k:poo@cinema, mode:FULL, rate:0, size:24
2025-11-18 19:18:47, EXEC, v:1, k:poo@cinema, mode:FULL, rate:0, size:24
2025-11-18 19:18:48, EXEC, v:1, k:poo@cinema, mode:FULL, rate:0, size:24
2025-11-18 19:21:46, EXEC, v:1, k:poo@cinema, mode:FULL, rate:0
2025-11-18 19:25:50, EXEC, v:1, k:poo@cinema, mode:FULL, rate:0, size:27
2025-11-18 19:25:50, MOVE, v:1, k:poo@cinema, mode:BACK
2025-11-18 19:26:16, MOVE, v:1, k:poo@cinema, mode:PICK
2025-11-18 19:26:17, EXEC, v:1, k:poo@cinema, mode:FULL, rate:0
2025-11-18 19:26:17, EXEC, v:1, k:poo@cinema, mode:FULL, rate:0
2025-11-18 19:36:12, EXEC, v:1, k:poo@cinema, mode:FULL, rate:0, size:35
2025-11-18 19:36:12, EXEC, v:1, k:poo@cinema, mode:FULL, rate:0, size:35
2025-11-18 19:36:13, EXEC, v:1, k:poo@cinema, mode:FULL, rate:0, size:35
2025-11-18 19:36:13, EXEC, v:1, k:poo@cinema, mode:FULL, rate:0, size:35
2025-11-18 19:36:28, MOVE, v:1, k:poo@cinema, mode:BACK
2025-11-18 19:36:45, MOVE, v:1, k:poo@cinema, mode:PICK
2025-11-18 19:36:46, EXEC, v:1, k:poo@cinema, mode:FULL, rate:0, size:35
2025-11-18 19:36:47, EXEC, v:1, k:poo@cinema, mode:FULL, rate:0
