2025-11-15 01:16:36, MOVE, v:1, k:poo@budega, mode:PICK
2025-11-15 01:16:38, EXEC, v:1, k:poo@budega, mode:FULL, rate:0, size:28
2025-11-15 01:16:38, EXEC, v:1, k:poo@budega, mode:FULL, rate:0, size:28
2025-11-15 01:16:38, EXEC, v:1, k:poo@budega, mode:FULL, rate:0, size:28
2025-11-15 01:16:38, EXEC, v:1, k:poo@budega, mode:FULL, rate:0, size:28
2025-11-15 01:16:39, EXEC, v:1, k:poo@budega, mode:FULL, rate:0, size:28
2025-11-15 01:16:39, EXEC, v:1, k:poo@budega, mode:FULL, rate:0, size:28
2025-11-15 01:16:44, EXEC, v:1, k:poo@budega, mode:FREE, size:28
2025-11-15 01:17:08, EXEC, v:1, k:poo@budega, mode:FULL, rate:0
2025-11-15 01:17:41, MOVE, v:1, k:poo@budega, mode:BACK
2025-11-15 01:17:49, MOVE, v:1, k:poo@lapiseira, mode:DOWN
2025-11-15 01:31:56, MOVE, v:1, k:poo@lapiseira, mode:PICK
2025-11-15 01:31:57, EXEC, v:1, k:poo@lapiseira, mode:FULL, rate:0, size:6
2025-11-15 01:31:58, EXEC, v:1, k:poo@lapiseira, mode:FULL, rate:0
2025-11-15 01:32:00, EXEC, v:1, k:poo@lapiseira, mode:FULL, rate:0
2025-11-15 01:32:01, EXEC, v:1, k:poo@lapiseira, mode:FULL, rate:0
2025-11-15 01:32:05, MOVE, v:1, k:poo@lapiseira, mode:BACK
2025-11-15 01:32:44, MOVE, v:1, k:poo@pula-pula, mode:DOWN
2025-11-15 01:32:46, MOVE, v:1, k:poo@pula-pula, mode:PICK
2025-11-15 01:33:15, EXEC, v:1, k:poo@pula-pula, mode:FULL, rate:0, size:5
2025-11-15 01:33:16, EXEC, v:1, k:poo@pula-pula, mode:FULL, rate:0
2025-11-15 01:33:21, MOVE, v:1, k:poo@pula-pula, mode:BACK
2025-11-15 01:33:26, MOVE, v:1, k:poo@cinema, mode:DOWN
2025-11-15 01:33:28, MOVE, v:1, k:poo@cinema, mode:PICK
2025-11-15 01:33:41, EXEC, v:1, k:poo@cinema, mode:FULL, rate:0, size:5
2025-11-15 01:33:48, MOVE, v:1, k:poo@cinema, mode:BACK
2025-11-15 01:33:54, MOVE, v:1, k:poo@tabuleiro, mode:DOWN
2025-11-15 01:34:30, MOVE, v:1, k:poo@tabuleiro, mode:PICK
2025-11-15 01:34:31, EXEC, v:1, k:poo@tabuleiro, mode:FULL, rate:0, size:7
2025-11-15 01:34:32, EXEC, v:1, k:poo@tabuleiro, mode:FULL, rate:0
2025-11-15 01:34:39, MOVE, v:1, k:poo@tabuleiro, mode:BACK
2025-11-15 01:34:44, MOVE, v:1, k:poo@junkfood, mode:DOWN
2025-11-15 01:34:47, MOVE, v:1, k:poo@junkfood, mode:PICK
2025-11-15 01:34:59, EXEC, v:1, k:poo@junkfood, mode:FULL, rate:0, size:6
2025-11-15 01:35:00, EXEC, v:1, k:poo@junkfood, mode:FULL, rate:0
2025-11-15 01:35:00, EXEC, v:1, k:poo@junkfood, mode:FULL, rate:0
2025-11-15 01:35:11, EXEC, v:1, k:poo@junkfood, mode:FULL, rate:0
2025-11-15 01:35:15, MOVE, v:1, k:poo@junkfood, mode:BACK
2025-11-15 01:35:36, MOVE, v:1, k:poo@array, mode:PICK
2025-11-15 01:35:38, EXEC, v:1, k:poo@array, mode:LOCK, rate:100
2025-11-15 01:35:39, EXEC, v:1, k:poo@array, mode:LOCK, rate:100
2025-11-15 01:35:40, EXEC, v:1, k:poo@array, mode:LOCK, rate:100
