2025-11-03 19:02:12, MOVE, v:1, k:poo@array, mode:DOWN
2025-11-03 19:02:44, MOVE, v:1, k:poo@array, mode:PICK
2025-11-03 19:02:46, EXEC, v:1, k:poo@array, mode:LOCK, rate:100, size:0
2025-11-03 19:06:19, EXEC, v:1, k:poo@array, mode:LOCK, rate:100, size:13
2025-11-03 19:06:20, EXEC, v:1, k:poo@array, mode:LOCK, rate:100
2025-11-03 19:06:23, EXEC, v:1, k:poo@array, mode:FREE
2025-11-03 19:06:40, EXEC, v:1, k:poo@array, mode:LOCK, rate:100
2025-11-03 19:17:13, EXEC, v:1, k:poo@array, mode:LOCK, rate:0, size:2
2025-11-03 19:17:31, EXEC, v:1, k:poo@array, mode:LOCK, rate:0, size:2
2025-11-03 19:18:08, EXEC, v:1, k:poo@array, mode:LOCK, rate:0, size:2
2025-11-03 19:19:38, EXEC, v:1, k:poo@array, mode:LOCK, rate:0, size:3
2025-11-03 19:19:57, EXEC, v:1, k:poo@array, mode:LOCK, rate:0, size:4
2025-11-03 19:20:06, EXEC, v:1, k:poo@array, mode:LOCK, rate:0, size:4
2025-11-03 19:24:01, EXEC, v:1, k:poo@array, mode:LOCK, rate:0, size:8
2025-11-03 19:24:08, EXEC, v:1, k:poo@array, mode:LOCK, rate:0
2025-11-03 19:24:20, EXEC, v:1, k:poo@array, mode:LOCK, rate:0, size:8
2025-11-03 19:24:21, EXEC, v:1, k:poo@array, mode:LOCK, rate:0
2025-11-03 19:24:21, EXEC, v:1, k:poo@array, mode:LOCK, rate:0
2025-11-03 19:24:22, EXEC, v:1, k:poo@array, mode:LOCK, rate:0
2025-11-03 19:24:31, EXEC, v:1, k:poo@array, mode:LOCK, rate:0, size:8
2025-11-03 19:24:31, EXEC, v:1, k:poo@array, mode:LOCK, rate:0, size:8
2025-11-03 19:24:31, EXEC, v:1, k:poo@array, mode:LOCK, rate:0, size:8
2025-11-03 19:24:31, EXEC, v:1, k:poo@array, mode:LOCK, rate:0, size:8
2025-11-03 19:24:32, EXEC, v:1, k:poo@array, mode:LOCK, rate:0, size:8
2025-11-03 19:24:32, EXEC, v:1, k:poo@array, mode:LOCK, rate:0, size:8
2025-11-03 19:25:20, EXEC, v:1, k:poo@array, mode:LOCK, rate:0, size:8
2025-11-03 19:25:21, EXEC, v:1, k:poo@array, mode:LOCK, rate:0
2025-11-03 19:25:21, EXEC, v:1, k:poo@array, mode:LOCK, rate:0
2025-11-03 19:25:30, EXEC, v:1, k:poo@array, mode:LOCK, rate:0
2025-11-03 19:25:30, EXEC, v:1, k:poo@array, mode:LOCK, rate:0
2025-11-03 19:26:42, EXEC, v:1, k:poo@array, mode:LOCK, rate:0
2025-11-03 19:26:42, EXEC, v:1, k:poo@array, mode:LOCK, rate:0
2025-11-03 19:26:42, EXEC, v:1, k:poo@array, mode:LOCK, rate:0
2025-11-03 19:26:44, EXEC, v:1, k:poo@array, mode:LOCK, rate:0
