2025-11-16 04:25:31, MOVE, v:1, k:poo@budega, mode:PICK
2025-11-16 04:25:32, EXEC, v:1, k:poo@budega, mode:FULL, rate:0, size:65
2025-11-16 04:25:42, MOVE, v:1, k:poo@budega, mode:BACK
2025-11-16 04:25:54, MOVE, v:1, k:poo@budega, mode:PICK
2025-11-16 04:25:56, EXEC, v:1, k:poo@budega, mode:FULL, rate:0
2025-11-16 04:25:56, EXEC, v:1, k:poo@budega, mode:FULL, rate:0
2025-11-16 04:25:57, EXEC, v:1, k:poo@budega, mode:FULL, rate:0
2025-11-16 04:25:57, EXEC, v:1, k:poo@budega, mode:FULL, rate:0
2025-11-16 04:25:57, EXEC, v:1, k:poo@budega, mode:FULL, rate:0
2025-11-16 04:25:57, EXEC, v:1, k:poo@budega, mode:FULL, rate:0
2025-11-16 04:26:10, EXEC, v:1, k:poo@budega, mode:FULL, rate:0
2025-11-16 04:26:11, EXEC, v:1, k:poo@budega, mode:FULL, rate:0
2025-11-16 04:26:11, EXEC, v:1, k:poo@budega, mode:FULL, rate:0
2025-11-16 04:26:11, EXEC, v:1, k:poo@budega, mode:FULL, rate:0
2025-11-16 04:26:11, EXEC, v:1, k:poo@budega, mode:FULL, rate:0
2025-11-16 04:26:30, MOVE, v:1, k:poo@budega, mode:BACK
2025-11-16 04:26:36, MOVE, v:1, k:poo@budega, mode:PICK
2025-11-16 04:26:37, EXEC, v:1, k:poo@budega, mode:FULL, rate:0
2025-11-16 04:26:37, EXEC, v:1, k:poo@budega, mode:FULL, rate:0
2025-11-16 04:26:38, EXEC, v:1, k:poo@budega, mode:FULL, rate:0
2025-11-16 04:26:38, EXEC, v:1, k:poo@budega, mode:FULL, rate:0
2025-11-16 04:26:52, EXEC, v:1, k:poo@budega, mode:FULL, rate:0
2025-11-16 04:27:03, EXEC, v:1, k:poo@budega, mode:FULL, rate:0
2025-11-16 04:46:17, EXEC, v:1, k:poo@budega, mode:FULL, rate:0, size:88
2025-11-16 04:47:20, EXEC, v:1, k:poo@budega, mode:FULL, rate:0, size:88
2025-11-16 05:02:14, EXEC, v:1, k:poo@budega, mode:FULL, rate:0, size:90
2025-11-16 05:02:14, EXEC, v:1, k:poo@budega, mode:FULL, rate:0, size:90
2025-11-16 05:02:15, EXEC, v:1, k:poo@budega, mode:FULL, rate:0, size:90
2025-11-16 05:02:15, EXEC, v:1, k:poo@budega, mode:FULL, rate:0
2025-11-16 05:02:15, EXEC, v:1, k:poo@budega, mode:FULL, rate:0
2025-11-16 05:02:15, EXEC, v:1, k:poo@budega, mode:FULL, rate:0
2025-11-16 05:02:15, EXEC, v:1, k:poo@budega, mode:FULL, rate:0
2025-11-16 05:02:15, EXEC, v:1, k:poo@budega, mode:FULL, rate:0
2025-11-16 05:02:16, EXEC, v:1, k:poo@budega, mode:FULL, rate:0
2025-11-16 05:02:16, EXEC, v:1, k:poo@budega, mode:FULL, rate:0
2025-11-16 05:02:16, EXEC, v:1, k:poo@budega, mode:FULL, rate:0
2025-11-16 05:02:16, EXEC, v:1, k:poo@budega, mode:FULL, rate:0
2025-11-16 05:02:16, EXEC, v:1, k:poo@budega, mode:FULL, rate:0
2025-11-16 05:02:17, EXEC, v:1, k:poo@budega, mode:FULL, rate:0
2025-11-16 05:02:17, EXEC, v:1, k:poo@budega, mode:FULL, rate:0
2025-11-16 05:02:17, EXEC, v:1, k:poo@budega, mode:FULL, rate:0
2025-11-16 05:02:22, MOVE, v:1, k:poo@budega, mode:BACK
2025-11-16 05:03:01, MOVE, v:1, k:poo@budega, mode:PICK
2025-11-16 05:03:02, EXEC, v:1, k:poo@budega, mode:FULL, rate:0
2025-11-16 05:03:02, EXEC, v:1, k:poo@budega, mode:FULL, rate:0
2025-11-16 05:03:02, EXEC, v:1, k:poo@budega, mode:FULL, rate:0
2025-11-16 05:03:03, EXEC, v:1, k:poo@budega, mode:FULL, rate:0
2025-11-16 05:03:03, EXEC, v:1, k:poo@budega, mode:FULL, rate:0
2025-11-16 05:03:03, EXEC, v:1, k:poo@budega, mode:FULL, rate:0
2025-11-16 05:03:03, EXEC, v:1, k:poo@budega, mode:FULL, rate:0
2025-11-16 05:03:03, EXEC, v:1, k:poo@budega, mode:FULL, rate:0
2025-11-16 05:03:03, EXEC, v:1, k:poo@budega, mode:FULL, rate:0
2025-11-16 05:03:04, EXEC, v:1, k:poo@budega, mode:FULL, rate:0
2025-11-16 05:03:04, EXEC, v:1, k:poo@budega, mode:FULL, rate:0
2025-11-16 05:03:04, EXEC, v:1, k:poo@budega, mode:FULL, rate:0
2025-11-16 05:03:04, EXEC, v:1, k:poo@budega, mode:FULL, rate:0
2025-11-16 05:03:04, EXEC, v:1, k:poo@budega, mode:FULL, rate:0
2025-11-16 05:03:04, EXEC, v:1, k:poo@budega, mode:FULL, rate:0
2025-11-16 05:03:14, EXEC, v:1, k:poo@budega, mode:FULL, rate:0
2025-11-16 05:03:14, EXEC, v:1, k:poo@budega, mode:FULL, rate:0
2025-11-16 05:03:18, EXEC, v:1, k:poo@budega, mode:FULL, rate:0
2025-11-16 05:03:19, EXEC, v:1, k:poo@budega, mode:FULL, rate:0
2025-11-16 05:03:19, EXEC, v:1, k:poo@budega, mode:FULL, rate:0
2025-11-16 05:03:30, MOVE, v:1, k:poo@budega, mode:BACK
2025-11-16 17:39:47, MOVE, v:1, k:poo@budega, mode:PICK
2025-11-16 17:39:48, EXEC, v:1, k:poo@budega, mode:FULL, rate:0
2025-11-16 17:39:48, EXEC, v:1, k:poo@budega, mode:FULL, rate:0
2025-11-16 17:39:48, EXEC, v:1, k:poo@budega, mode:FULL, rate:0
2025-11-16 17:39:48, EXEC, v:1, k:poo@budega, mode:FULL, rate:0
2025-11-16 17:39:48, EXEC, v:1, k:poo@budega, mode:FULL, rate:0
2025-11-16 17:40:08, EXEC, v:1, k:poo@budega, mode:FULL, rate:0, size:90
2025-11-16 17:40:08, EXEC, v:1, k:poo@budega, mode:FULL, rate:0, size:90
2025-11-16 17:40:08, EXEC, v:1, k:poo@budega, mode:FULL, rate:0, size:90
2025-11-16 17:40:52, EXEC, v:1, k:poo@budega, mode:FULL, rate:0, size:81
2025-11-16 17:40:57, EXEC, v:1, k:poo@budega, mode:FULL, rate:0
2025-11-16 17:41:50, EXEC, v:1, k:poo@budega, mode:FULL, rate:0, size:81
2025-11-16 17:42:23, EXEC, v:1, k:poo@budega, mode:FULL, rate:0, size:81
2025-11-16 17:42:49, EXEC, v:1, k:poo@budega, mode:FULL, rate:0, size:80
2025-11-16 17:46:47, EXEC, v:1, k:poo@budega, mode:FULL, rate:0, size:80
2025-11-16 17:47:25, EXEC, v:1, k:poo@budega, mode:FULL, rate:0, size:80
2025-11-16 17:47:35, EXEC, v:1, k:poo@budega, mode:FULL, rate:0, size:80
2025-11-16 17:47:40, EXEC, v:1, k:poo@budega, mode:FULL, rate:0
2025-11-16 17:47:47, EXEC, v:1, k:poo@budega, mode:FULL, rate:0
2025-11-16 17:47:52, EXEC, v:1, k:poo@budega, mode:FULL, rate:0
2025-11-16 17:47:53, EXEC, v:1, k:poo@budega, mode:FULL, rate:0
2025-11-16 17:47:56, EXEC, v:1, k:poo@budega, mode:FULL, rate:0, size:80
2025-11-16 17:48:02, EXEC, v:1, k:poo@budega, mode:FULL, rate:0, size:80
2025-11-16 17:48:04, EXEC, v:1, k:poo@budega, mode:FULL, rate:0
2025-11-16 17:48:06, EXEC, v:1, k:poo@budega, mode:FULL, rate:0
2025-11-16 17:48:29, EXEC, v:1, k:poo@budega, mode:FULL, rate:0, size:80
2025-11-16 17:48:36, EXEC, v:1, k:poo@budega, mode:FULL, rate:0, size:80
2025-11-16 17:48:43, EXEC, v:1, k:poo@budega, mode:FULL, rate:0, size:80
2025-11-16 17:49:04, EXEC, v:1, k:poo@budega, mode:FULL, rate:0
2025-11-16 17:52:13, EXEC, v:1, k:poo@budega, mode:FULL, rate:0, size:83
2025-11-16 17:53:15, EXEC, v:1, k:poo@budega, mode:FULL, rate:0, size:83
2025-11-16 17:53:59, EXEC, v:1, k:poo@budega, mode:FULL, rate:0
2025-11-16 17:54:36, EXEC, v:1, k:poo@budega, mode:FREE, size:83
2025-11-16 17:55:58, EXEC, v:1, k:poo@budega, mode:FULL, rate:0
2025-11-16 17:56:11, EXEC, v:1, k:poo@budega, mode:FULL, rate:0, size:81
2025-11-16 18:09:52, MOVE, v:1, k:poo@budega, mode:PICK
2025-11-16 18:09:53, EXEC, v:1, k:poo@budega, mode:FULL, rate:0, size:81
2025-11-16 18:09:53, EXEC, v:1, k:poo@budega, mode:FULL, rate:0, size:81
2025-11-16 18:09:54, EXEC, v:1, k:poo@budega, mode:FULL, rate:0, size:81
2025-11-16 18:09:54, EXEC, v:1, k:poo@budega, mode:FULL, rate:0
2025-11-16 18:09:54, EXEC, v:1, k:poo@budega, mode:FULL, rate:0
2025-11-16 18:11:29, EXEC, v:1, k:poo@budega, mode:FULL, rate:10, size:81
2025-11-16 18:18:24, EXEC, v:1, k:poo@budega, mode:FULL, rate:10, size:85
2025-11-16 18:21:15, EXEC, v:1, k:poo@budega, mode:FULL, rate:10, size:86
2025-11-16 18:21:25, EXEC, v:1, k:poo@budega, mode:FULL, rate:10, size:86
2025-11-16 18:21:28, EXEC, v:1, k:poo@budega, mode:FULL, rate:10
2025-11-16 18:21:57, EXEC, v:1, k:poo@budega, mode:FULL, rate:10, size:85
2025-11-16 18:22:05, EXEC, v:1, k:poo@budega, mode:FULL, rate:10, size:85
2025-11-16 18:22:53, EXEC, v:1, k:poo@budega, mode:FULL, rate:10
2025-11-16 18:23:09, EXEC, v:1, k:poo@budega, mode:FULL, rate:10, size:86
2025-11-16 18:23:48, EXEC, v:1, k:poo@budega, mode:FULL, rate:10, size:86
2025-11-16 18:27:46, EXEC, v:1, k:poo@budega, mode:FULL, rate:30, size:87
2025-11-16 18:30:33, EXEC, v:1, k:poo@budega, mode:FULL, rate:20, size:89
2025-11-16 18:31:12, EXEC, v:1, k:poo@budega, mode:FULL, rate:20, size:89
2025-11-16 18:31:17, EXEC, v:1, k:poo@budega, mode:FULL, rate:20
2025-11-16 18:32:24, MOVE, v:1, k:poo@budega, mode:PICK
2025-11-16 18:32:25, EXEC, v:1, k:poo@budega, mode:FULL, rate:40, size:89
2025-11-16 18:32:25, EXEC, v:1, k:poo@budega, mode:FULL, rate:40, size:89
2025-11-16 18:32:25, EXEC, v:1, k:poo@budega, mode:FULL, rate:40, size:89
2025-11-16 18:32:26, EXEC, v:1, k:poo@budega, mode:FULL, rate:40, size:89
2025-11-16 18:32:26, EXEC, v:1, k:poo@budega, mode:FULL, rate:40, size:89
2025-11-16 18:33:15, EXEC, v:1, k:poo@budega, mode:FULL, rate:40, size:92
2025-11-16 18:33:45, EXEC, v:1, k:poo@budega, mode:FULL, rate:40, size:92
2025-11-16 18:34:25, EXEC, v:1, k:poo@budega, mode:FULL, rate:50, size:92
2025-11-16 18:35:10, EXEC, v:1, k:poo@budega, mode:FULL, rate:60, size:92
2025-11-16 18:36:29, EXEC, v:1, k:poo@budega, mode:FULL, rate:20, size:93
2025-11-16 18:36:33, EXEC, v:1, k:poo@budega, mode:FULL, rate:20
2025-11-16 18:40:36, EXEC, v:1, k:poo@budega, mode:FULL, rate:20, size:93
2025-11-16 18:41:11, EXEC, v:1, k:poo@budega, mode:FULL, rate:60, size:92
2025-11-16 18:41:52, EXEC, v:1, k:poo@budega, mode:FULL, rate:70, size:92
2025-11-16 18:42:23, EXEC, v:1, k:poo@budega, mode:FULL, rate:70
2025-11-16 18:42:45, EXEC, v:1, k:poo@budega, mode:FULL, rate:70, size:92
2025-11-16 18:43:36, EXEC, v:1, k:poo@budega, mode:FULL, rate:70, size:92
2025-11-16 18:43:40, EXEC, v:1, k:poo@budega, mode:FULL, rate:70
2025-11-16 18:44:28, EXEC, v:1, k:poo@budega, mode:FULL, rate:60, size:92
2025-11-16 18:44:51, EXEC, v:1, k:poo@budega, mode:FULL, rate:70, size:92
2025-11-16 18:45:14, EXEC, v:1, k:poo@budega, mode:FULL, rate:70, size:92
2025-11-16 18:46:19, EXEC, v:1, k:poo@budega, mode:FULL, rate:70
2025-11-16 18:49:46, EXEC, v:1, k:poo@budega, mode:FULL, rate:70, size:92
2025-11-16 18:49:50, EXEC, v:1, k:poo@budega, mode:FULL, rate:70
2025-11-16 18:50:10, EXEC, v:1, k:poo@budega, mode:FULL, rate:70, size:92
2025-11-16 18:52:19, EXEC, v:1, k:poo@budega, mode:FULL, rate:70, size:92
2025-11-16 18:53:24, EXEC, v:1, k:poo@budega, mode:FULL, rate:70, size:92
2025-11-16 18:55:08, EXEC, v:1, k:poo@budega, mode:FULL, rate:70, size:92
2025-11-16 18:55:52, EXEC, v:1, k:poo@budega, mode:FULL, rate:70
2025-11-16 18:55:52, EXEC, v:1, k:poo@budega, mode:FULL, rate:70
2025-11-16 18:55:52, EXEC, v:1, k:poo@budega, mode:FULL, rate:70
2025-11-16 18:55:58, EXEC, v:1, k:poo@budega, mode:FULL, rate:90, size:82
2025-11-16 18:56:31, MOVE, v:1, k:poo@budega, mode:PICK
2025-11-16 18:56:32, EXEC, v:1, k:poo@budega, mode:FULL, rate:70, size:92
2025-11-16 18:56:32, EXEC, v:1, k:poo@budega, mode:FULL, rate:70, size:92
2025-11-16 18:56:34, EXEC, v:1, k:poo@budega, mode:FULL, rate:70, size:92
2025-11-16 19:02:18, EXEC, v:1, k:poo@budega, mode:FULL, rate:70, size:94
2025-11-16 19:02:37, EXEC, v:1, k:poo@budega, mode:FULL, rate:30, size:93
2025-11-16 19:03:10, EXEC, v:1, k:poo@budega, mode:FULL, rate:30, size:92
2025-11-16 19:03:19, EXEC, v:1, k:poo@budega, mode:FULL, rate:70, size:93
2025-11-16 19:04:05, EXEC, v:1, k:poo@budega, mode:FULL, rate:90, size:82
2025-11-16 19:04:39, EXEC, v:1, k:poo@budega, mode:FULL, rate:90, size:82
2025-11-16 19:04:54, EXEC, v:1, k:poo@budega, mode:FULL, rate:100, size:82
2025-11-16 19:05:01, EXEC, v:1, k:poo@budega, mode:FULL, rate:100
2025-11-16 19:09:24, EXEC, v:1, k:poo@budega, mode:FULL, rate:100
2025-11-16 19:09:27, MOVE, v:1, k:poo@budega, mode:BACK
2025-11-16 19:10:23, SELF, v:1, k:poo@budega, rate:100, alone:10, study:150
2025-11-16 19:10:41, SELF, v:1, k:poo@lapiseira
2025-11-16 19:11:12, SELF, v:1, k:poo@array
2025-11-16 19:11:53, SELF, v:1, k:poo@budega, rate:100, alone:10, study:150
2025-11-16 19:13:20, SELF, v:1, k:poo@budega, rate:100, alone:10, study:150
