2025-11-17 17:51:31, MOVE, v:1, k:poo@pula-pula, mode:PICK
2025-11-17 17:51:36, EXEC, v:1, k:poo@pula-pula, mode:FULL, rate:0
2025-11-17 17:52:01, EXEC, v:1, k:poo@pula-pula, mode:FULL, rate:0
2025-11-17 17:52:01, EXEC, v:1, k:poo@pula-pula, mode:FULL, rate:0
2025-11-17 17:52:02, EXEC, v:1, k:poo@pula-pula, mode:FULL, rate:0
2025-11-17 17:52:02, EXEC, v:1, k:poo@pula-pula, mode:FULL, rate:0
2025-11-17 17:53:14, MOVE, v:1, k:poo@pula-pula, mode:BACK
2025-11-17 17:54:47, MOVE, v:1, k:poo@array, mode:PICK
2025-11-17 17:54:49, EXEC, v:1, k:poo@array, mode:LOCK, rate:100
2025-11-17 17:54:49, EXEC, v:1, k:poo@array, mode:LOCK, rate:100
2025-11-17 17:54:49, EXEC, v:1, k:poo@array, mode:LOCK, rate:100
2025-11-17 17:54:49, EXEC, v:1, k:poo@array, mode:LOCK, rate:100
2025-11-17 17:54:49, EXEC, v:1, k:poo@array, mode:LOCK, rate:100
2025-11-17 17:54:50, EXEC, v:1, k:poo@array, mode:LOCK, rate:100
2025-11-17 17:54:50, EXEC, v:1, k:poo@array, mode:LOCK, rate:100
2025-11-17 17:56:18, EXEC, v:1, k:poo@array, mode:LOCK, rate:100
2025-11-17 17:56:18, EXEC, v:1, k:poo@array, mode:LOCK, rate:100
2025-11-17 17:56:18, EXEC, v:1, k:poo@array, mode:LOCK, rate:100
2025-11-17 17:56:18, EXEC, v:1, k:poo@array, mode:LOCK, rate:100
2025-11-17 17:56:18, EXEC, v:1, k:poo@array, mode:LOCK, rate:100
2025-11-17 17:56:18, EXEC, v:1, k:poo@array, mode:LOCK, rate:100
2025-11-17 17:56:18, EXEC, v:1, k:poo@array, mode:LOCK, rate:100
2025-11-17 17:56:18, EXEC, v:1, k:poo@array, mode:LOCK, rate:100
2025-11-17 17:56:18, EXEC, v:1, k:poo@array, mode:LOCK, rate:100
2025-11-17 17:56:19, EXEC, v:1, k:poo@array, mode:LOCK, rate:100
2025-11-17 17:56:19, EXEC, v:1, k:poo@array, mode:LOCK, rate:100
2025-11-17 17:56:19, EXEC, v:1, k:poo@array, mode:LOCK, rate:100
2025-11-17 17:56:19, EXEC, v:1, k:poo@array, mode:LOCK, rate:100
2025-11-17 18:05:08, EXEC, v:1, k:poo@array, mode:LOCK, rate:0, size:12
2025-11-17 18:05:08, EXEC, v:1, k:poo@array, mode:LOCK, rate:0, size:12
2025-11-17 18:05:09, EXEC, v:1, k:poo@array, mode:LOCK, rate:0, size:12
2025-11-17 18:05:09, EXEC, v:1, k:poo@array, mode:LOCK, rate:0, size:12
2025-11-17 18:05:09, EXEC, v:1, k:poo@array, mode:LOCK, rate:0, size:12
2025-11-17 18:05:15, EXEC, v:1, k:poo@array, mode:LOCK, rate:0, size:12
2025-11-17 18:05:15, EXEC, v:1, k:poo@array, mode:LOCK, rate:0, size:12
2025-11-17 18:05:15, EXEC, v:1, k:poo@array, mode:LOCK, rate:0, size:12
2025-11-17 18:05:15, EXEC, v:1, k:poo@array, mode:LOCK, rate:0, size:12
2025-11-17 18:05:16, EXEC, v:1, k:poo@array, mode:LOCK, rate:0, size:12
